<?xml version="1.0" encoding="UTF-8"?>
<!-- Generated by org.testng.reporters.JUnitReportReporter -->
<testsuite hostname="DESKTOP-U2FLON5" failures="0" tests="3" name="_2testNG.AllAnnotations" time="0.079" errors="0" timestamp="2024-09-14T11:45:39 IST" skipped="0">
  <testcase classname="_2testNG.AllAnnotations" name="testmethod3" time="0.025"/>
  <testcase classname="_2testNG.AllAnnotations" name="testmethod2" time="0.037"/>
  <testcase classname="_2testNG.AllAnnotations" name="testmethod" time="0.017"/>
</testsuite> <!-- _2testNG.AllAnnotations -->
