<?xml version="1.0" encoding="UTF-8"?>
<!-- Generated by org.testng.reporters.JUnitReportReporter -->
<testsuite hostname="DESKTOP-U2FLON5" failures="0" tests="3" name="com.test.Home_loan" time="0.049" errors="0" timestamp="2024-08-05T09:37:03 IST" skipped="0">
  <testcase classname="com.test.Home_loan" name="MobileLoginHomeLoan" time="0.013"/>
  <testcase classname="com.test.Home_loan" name="WebLoginHomeLoan" time="0.005"/>
  <testcase classname="com.test.Home_loan" name="APILoginHomeLoan" time="0.031"/>
</testsuite> <!-- com.test.Home_loan -->
