<?xml version="1.0" encoding="UTF-8"?>
<!-- Generated by org.testng.reporters.JUnitReportReporter -->
<testsuite hostname="DESKTOP-U2FLON5" failures="0" tests="4" name="_4dependency.LoginTests" time="0.026" errors="0" timestamp="2024-08-19T15:33:44 IST" skipped="0">
  <testcase classname="_4dependency.LoginTests" name="loginbyMail" time="0.015"/>
  <testcase classname="_4dependency.LoginTests" name="loginbyFacebook" time="0.004"/>
  <testcase classname="_4dependency.LoginTests" name="loginByTwitter" time="0.002"/>
  <testcase classname="_4dependency.LoginTests" name="loginByWhatsAPP" time="0.005"/>
</testsuite> <!-- _4dependency.LoginTests -->
