<?xml version="1.0" encoding="UTF-8"?>
<!-- Generated by org.testng.reporters.JUnitReportReporter -->
<testsuite hostname="DESKTOP-U2FLON5" failures="0" tests="3" name="_4dependency.PaymentTest" time="0.019" errors="0" timestamp="2024-09-14T11:47:17 IST" skipped="0">
  <testcase classname="_4dependency.PaymentTest" name="paymentinRupees" time="0.013"/>
  <testcase classname="_4dependency.PaymentTest" name="paymentinDollar" time="0.002"/>
  <testcase classname="_4dependency.PaymentTest" name="paymentinKDs" time="0.004"/>
</testsuite> <!-- _4dependency.PaymentTest -->
