<?xml version="1.0" encoding="UTF-8"?>
<!-- Generated by org.testng.reporters.JUnitReportReporter -->
<testsuite hostname="DESKTOP-U2FLON5" failures="0" tests="4" name="_4dependency.SignUpTest" time="0.030" errors="0" timestamp="2024-08-19T15:56:28 IST" skipped="0">
  <testcase classname="_4dependency.SignUpTest" name="signupByMail" time="0.016"/>
  <testcase classname="_4dependency.SignUpTest" name="signupbyFacebook" time="0.006"/>
  <testcase classname="_4dependency.SignUpTest" name="signupByTwitter" time="0.004"/>
  <testcase classname="_4dependency.SignUpTest" name="logout" time="0.004"/>
</testsuite> <!-- _4dependency.SignUpTest -->
