<?xml version="1.0" encoding="UTF-8"?>
<!-- Generated by org.testng.reporters.JUnitReportReporter -->
<testsuite hostname="DESKTOP-U2FLON5" failures="0" tests="1" name="com.test.Before_AterGroups" time="0.008" errors="0" timestamp="2024-08-05T11:20:10 IST" skipped="0">
  <testcase classname="com.test.Before_AterGroups" name="testmethod" time="0.008"/>
</testsuite> <!-- com.test.Before_AterGroups -->
