<?xml version="1.0" encoding="UTF-8"?>
<!-- Generated by org.testng.reporters.JUnitReportReporter -->
<testsuite hostname="DESKTOP-U2FLON5" failures="0" tests="1" name="assertions.AssertionDemo" time="0.018" errors="0" timestamp="2024-08-19T12:52:35 IST" skipped="0">
  <testcase classname="assertions.AssertionDemo" name="testTitle" time="0.018"/>
</testsuite> <!-- assertions.AssertionDemo -->
