<?xml version="1.0" encoding="UTF-8"?>
<!-- Generated by org.testng.reporters.JUnitReportReporter -->
<testsuite hostname="DESKTOP-U2FLON5" failures="0" tests="1" name="com.test.VerifyTitlebyAssertion" time="6.299" errors="0" timestamp="2024-08-05T09:37:38 IST" skipped="0">
  <testcase classname="com.test.VerifyTitlebyAssertion" name="test1Method" time="6.299"/>
</testsuite> <!-- com.test.VerifyTitlebyAssertion -->
