<?xml version="1.0" encoding="UTF-8"?>
<!-- Generated by org.testng.reporters.JUnitReportReporter -->
<testsuite hostname="DESKTOP-U2FLON5" failures="0" tests="3" name="com.test.Car_loan" time="0.007" errors="0" timestamp="2024-08-05T09:37:03 IST" skipped="0">
  <testcase classname="com.test.Car_loan" name="APILoginCarLoan" time="0.002"/>
  <testcase classname="com.test.Car_loan" name="MobileLoginCarLoan" time="0.003"/>
  <testcase classname="com.test.Car_loan" name="WebLoginCarLoan" time="0.002"/>
</testsuite> <!-- com.test.Car_loan -->
