<?xml version="1.0" encoding="UTF-8"?>
<!-- Generated by org.testng.reporters.JUnitReportReporter -->
<testsuite hostname="DESKTOP-U2FLON5" failures="0" tests="9" name="_5dataprovider.ParamTest" time="17.854" errors="0" timestamp="2024-08-20T08:22:27 IST" skipped="0">
  <testcase classname="_5dataprovider.ParamTest" name="testTitle" time="0.034"/>
  <testcase classname="_5dataprovider.ParamTest" name="testTitle" time="0.019"/>
  <testcase classname="_5dataprovider.ParamTest" name="testTitle" time="0.060"/>
  <testcase classname="_5dataprovider.ParamTest" name="testLogo" time="5.743"/>
  <testcase classname="_5dataprovider.ParamTest" name="testLogo" time="5.760"/>
  <testcase classname="_5dataprovider.ParamTest" name="testLogo" time="6.169"/>
  <testcase classname="_5dataprovider.ParamTest" name="testURL" time="0.039"/>
  <testcase classname="_5dataprovider.ParamTest" name="testURL" time="0.016"/>
  <testcase classname="_5dataprovider.ParamTest" name="testURL" time="0.014"/>
</testsuite> <!-- _5dataprovider.ParamTest -->
