<?xml version="1.0" encoding="UTF-8"?>
<!-- Generated by org.testng.reporters.JUnitReportReporter -->
<testsuite hostname="DESKTOP-U2FLON5" failures="0" tests="4" name="_1TestNg.LoginToApp" time="19.198" errors="0" timestamp="2024-08-19T10:03:01 IST" skipped="0">
  <testcase classname="_1TestNg.LoginToApp" name="app" time="13.244"/>
  <testcase classname="_1TestNg.LoginToApp" name="logo" time="3.159"/>
  <testcase classname="_1TestNg.LoginToApp" name="login" time="2.361"/>
  <testcase classname="_1TestNg.LoginToApp" name="closeApp" time="0.434"/>
</testsuite> <!-- _1TestNg.LoginToApp -->
