<?xml version="1.0" encoding="UTF-8"?>
<!-- Generated by org.testng.reporters.JUnitReportReporter -->
<testsuite hostname="DESKTOP-U2FLON5" failures="0" tests="2" name="com.test.TestDemo" time="0.024" errors="0" timestamp="2024-08-06T15:57:55 IST" skipped="0">
  <testcase classname="com.test.TestDemo" name="testmethod2" time="0.020"/>
  <testcase classname="com.test.TestDemo" name="testmethod" time="0.004"/>
</testsuite> <!-- com.test.TestDemo -->
