<?xml version="1.0" encoding="UTF-8"?>
<!-- Generated by org.testng.reporters.JUnitReportReporter -->
<testsuite hostname="DESKTOP-U2FLON5" failures="0" tests="2" name="_1TestNg.LoginAndSearch" time="0.034" errors="0" timestamp="2024-08-19T11:39:17 IST" skipped="0">
  <testcase classname="_1TestNg.LoginAndSearch" name="search" time="0.026"/>
  <testcase classname="_1TestNg.LoginAndSearch" name="advSearch" time="0.008"/>
</testsuite> <!-- _1TestNg.LoginAndSearch -->
