<?xml version="1.0" encoding="UTF-8"?>
<!-- Generated by org.testng.reporters.JUnitReportReporter -->
<testsuite hostname="DESKTOP-U2FLON5" failures="0" tests="1" name="_7pageobjectmodel.LoginPageTest" time="1.146" errors="0" timestamp="2024-08-21T08:21:47 IST" skipped="0">
  <testcase classname="_7pageobjectmodel.LoginPageTest" name="testLogin" time="1.146"/>
</testsuite> <!-- _7pageobjectmodel.LoginPageTest -->
