<?xml version="1.0" encoding="UTF-8"?>
<!-- Generated by org.testng.reporters.JUnitReportReporter -->
<testsuite hostname="DESKTOP-U2FLON5" failures="0" tests="3" name="com.test.DataProviders" time="0.021" errors="0" timestamp="2024-08-06T12:23:27 IST" skipped="0">
  <testcase classname="com.test.DataProviders" name="sedata" time="0.005"/>
  <testcase classname="com.test.DataProviders" name="sedata" time="0.013"/>
  <testcase classname="com.test.DataProviders" name="sedata" time="0.003"/>
</testsuite> <!-- com.test.DataProviders -->
