<?xml version="1.0" encoding="UTF-8"?>
<!-- Generated by org.testng.reporters.JUnitReportReporter -->
<testsuite hostname="DESKTOP-U2FLON5" failures="0" tests="3" name="com.test.Personal_loan" time="0.124" errors="0" timestamp="2024-08-05T09:37:03 IST" skipped="0">
  <testcase classname="com.test.Personal_loan" name="WebLoginPersonalLoan" time="0.116"/>
  <testcase classname="com.test.Personal_loan" name="APILoginPersonalLoan" time="0.003"/>
  <testcase classname="com.test.Personal_loan" name="MobileLoginPersonalLoan" time="0.005"/>
</testsuite> <!-- com.test.Personal_loan -->
