<?xml version="1.0" encoding="UTF-8"?>
<!-- Generated by org.testng.reporters.JUnitReportReporter -->
<testsuite hostname="DESKTOP-U2FLON5" failures="0" tests="2" name="_1TestNg.LoginAndSearch2" time="0.018" errors="0" timestamp="2024-08-19T11:44:51 IST" skipped="0">
  <testcase classname="_1TestNg.LoginAndSearch2" name="search" time="0.011"/>
  <testcase classname="_1TestNg.LoginAndSearch2" name="advSearch" time="0.007"/>
</testsuite> <!-- _1TestNg.LoginAndSearch2 -->
