<?xml version="1.0" encoding="UTF-8"?>
<!-- Generated by org.testng.reporters.JUnitReportReporter -->
<testsuite hostname="DESKTOP-U2FLON5" failures="0" tests="2" name="_2testNG.BeforeClass3" time="0.003" errors="0" timestamp="2024-08-19T12:04:29 IST" skipped="0">
  <testcase classname="_2testNG.BeforeClass3" name="lmn" time="0.002"/>
  <testcase classname="_2testNG.BeforeClass3" name="lmn" time="0.001"/>
</testsuite> <!-- _2testNG.BeforeClass3 -->
