<?xml version="1.0" encoding="UTF-8"?>
<!-- Generated by org.testng.reporters.JUnitReportReporter -->
<testsuite hostname="DESKTOP-U2FLON5" failures="0" tests="4" name="com.test.Skip_TestCases" time="0.042" errors="0" timestamp="2024-08-05T10:25:57 IST" skipped="2">
  <testcase classname="com.test.Skip_TestCases" name="skip4" time="0.001"/>
  <testcase classname="com.test.Skip_TestCases" name="skip3" time="0.006"/>
  <testcase classname="com.test.Skip_TestCases" name="skip2" time="0.035">
    <skipped/>
  </testcase> <!-- skip2 -->
  <testcase classname="com.test.Skip_TestCases" name="skip1">
    <skipped/>
  </testcase> <!-- skip1 -->
</testsuite> <!-- com.test.Skip_TestCases -->
