<?xml version="1.0" encoding="UTF-8"?>
<!-- Generated by org.testng.reporters.JUnitReportReporter -->
<testsuite hostname="DESKTOP-U2FLON5" failures="0" tests="1" name="_7pageobjectmodel.LoginPage2MethodTest" time="5.026" errors="0" timestamp="2024-08-21T08:38:38 IST" skipped="0">
  <testcase classname="_7pageobjectmodel.LoginPage2MethodTest" name="testLogin" time="5.026"/>
</testsuite> <!-- _7pageobjectmodel.LoginPage2MethodTest -->
