<?xml version="1.0" encoding="UTF-8"?>
<!-- Generated by org.testng.reporters.JUnitReportReporter -->
<testsuite hostname="DESKTOP-U2FLON5" failures="0" tests="1" name="com.test.AssertionUsage" time="31.664" errors="0" timestamp="2024-08-02T16:25:58 IST" skipped="0">
  <testcase classname="com.test.AssertionUsage" name="test1Method" time="31.664"/>
</testsuite> <!-- com.test.AssertionUsage -->
