<?xml version="1.0" encoding="UTF-8"?>
<!-- Generated by org.testng.reporters.JUnitReportReporter -->
<testsuite hostname="DESKTOP-U2FLON5" failures="0" tests="1" name="selenium.test.LoginDemo" time="7.227" errors="0" timestamp="2024-08-06T15:05:11 IST" skipped="0">
  <testcase classname="selenium.test.LoginDemo" name="launchApp" time="7.227"/>
</testsuite> <!-- selenium.test.LoginDemo -->
