<?xml version="1.0" encoding="UTF-8"?>
<!-- Generated by org.testng.reporters.JUnitReportReporter -->
<testsuite hostname="DESKTOP-U2FLON5" failures="0" tests="5" name="selenium.test.ReportTest1" time="0.042" errors="0" timestamp="2024-08-08T13:43:34 IST" skipped="0">
  <testcase classname="selenium.test.ReportTest1" name="reportFour" time="0.006"/>
  <testcase classname="selenium.test.ReportTest1" name="reportThree" time="0.006"/>
  <testcase classname="selenium.test.ReportTest1" name="reportFive" time="0.019"/>
  <testcase classname="selenium.test.ReportTest1" name="reportTwo" time="0.008">
    <system-out>
      <![CDATA[Second]]>
    </system-out>
  </testcase> <!-- reportTwo -->
  <testcase classname="selenium.test.ReportTest1" name="reportOne" time="0.003"/>
  <system-out>
    <![CDATA[Second]]>
  </system-out>
</testsuite> <!-- selenium.test.ReportTest1 -->
