<?xml version="1.0" encoding="UTF-8"?>
<!-- Generated by org.testng.reporters.JUnitReportReporter -->
<testsuite hostname="DESKTOP-U2FLON5" failures="0" tests="2" name="com.test.AnnotationTests" time="0.013" errors="0" timestamp="2024-08-05T21:39:17 IST" skipped="0">
  <testcase classname="com.test.AnnotationTests" name="testMethod" time="0.008"/>
  <testcase classname="com.test.AnnotationTests" name="testMethod2" time="0.005"/>
</testsuite> <!-- com.test.AnnotationTests -->
