<?xml version="1.0" encoding="UTF-8"?>
<!-- Generated by org.testng.reporters.JUnitReportReporter -->
<testsuite hostname="DESKTOP-U2FLON5" failures="0" tests="1" name="com.test.WebApplication_Test" time="11.424" errors="0" timestamp="2024-08-05T21:14:33 IST" skipped="0">
  <testcase classname="com.test.WebApplication_Test" name="name" time="11.424"/>
</testsuite> <!-- com.test.WebApplication_Test -->
