<?xml version="1.0" encoding="UTF-8"?>
<!-- Generated by org.testng.reporters.JUnitReportReporter -->
<testsuite hostname="DESKTOP-U2FLON5" failures="0" tests="1" name="testCases.TC002_LoginTest" time="1.456" errors="0" timestamp="2024-08-26T20:19:33 IST" skipped="0">
  <testcase classname="testCases.TC002_LoginTest" name="verify_login" time="1.456"/>
</testsuite> <!-- testCases.TC002_LoginTest -->
