<?xml version="1.0" encoding="UTF-8"?>
<!-- Generated by org.testng.reporters.JUnitReportReporter -->
<testsuite hostname="DESKTOP-U2FLON5" failures="0" tests="1" name="testCases.TC001_AccountRegTest" time="2.547" errors="0" timestamp="2024-08-26T20:19:33 IST" skipped="0">
  <testcase classname="testCases.TC001_AccountRegTest" name="verify_account_registration" time="2.547"/>
</testsuite> <!-- testCases.TC001_AccountRegTest -->
